Using pre-set license
Built from '2020.2/release' branch; Version is '2020.2.1f1 (270dd8c3da1c) revision 2559448'; Using compiler version '192528614'; Build Type 'Release'
OS: 'Windows 10  (10.0.0) 64bit' Language: 'ru' Physical Memory: 16215 MB
BatchMode: 1, IsHumanControllingUs: 0, StartBugReporterOnCrash: 0, Is64bit: 1, IsPro: 0

 COMMAND LINE ARGUMENTS:
C:\Program Files\Unity\Hub\Editor\Editor\Unity.exe
-adb2
-batchMode
-noUpm
-name
AssetImportWorker0
-projectPath
C:/Users/jessi/OneDrive/Рабочий стол/Рашид/CrendelkiFINAL
-logFile
Logs/AssetImportWorker0.log
-srvPort
61037
Successfully changed project path to: C:/Users/jessi/OneDrive/Рабочий стол/Рашид/CrendelkiFINAL
C:/Users/jessi/OneDrive/Рабочий стол/Рашид/CrendelkiFINAL
Using Asset Import Pipeline V2.
Refreshing native plugins compatible for Editor in 20.69 ms, found 0 plugins.
Preloading 0 native plugins for Editor in 0.00 ms.
Initialize engine version: 2020.2.1f1 (270dd8c3da1c)
[Subsystems] Discovering subsystems at path C:/Program Files/Unity/Hub/Editor/Editor/Data/Resources/UnitySubsystems
[Subsystems] Discovering subsystems at path C:/Users/jessi/OneDrive/Рабочий стол/Рашид/CrendelkiFINAL/Assets
GfxDevice: creating device client; threaded=0
Direct3D:
    Version:  Direct3D 11.0 [level 11.1]
    Renderer: NVIDIA GeForce GTX 1650 (ID=0x1f99)
    Vendor:   
    VRAM:     3962 MB
    Driver:   27.21.14.5167
Shader 'Custom/RainShader': fallback shader 'Particles/Alpha Blended' not found
Initialize mono
Mono path[0] = 'C:/Program Files/Unity/Hub/Editor/Editor/Data/Managed'
Mono path[1] = 'C:/Program Files/Unity/Hub/Editor/Editor/Data/MonoBleedingEdge/lib/mono/unityjit'
Mono config path = 'C:/Program Files/Unity/Hub/Editor/Editor/Data/MonoBleedingEdge/etc'
Using monoOptions --debugger-agent=transport=dt_socket,embedding=1,server=y,suspend=n,address=127.0.0.1:56556
Begin MonoManager ReloadAssembly
Registering precompiled unity dll's ...
Register platform support module: C:/Program Files/Unity/Hub/Editor/Editor/Data/PlaybackEngines/WindowsStandaloneSupport/UnityEditor.WindowsStandalone.Extensions.dll
Registered in 0.001612 seconds.
Native extension for WindowsStandalone target not found
Refreshing native plugins compatible for Editor in 20.59 ms, found 0 plugins.
Preloading 0 native plugins for Editor in 0.00 ms.
Invoked RoslynAnalysisRunner static constructor.
RoslynAnalysisRunner will not be running.
RoslynAnalysisRunner has terminated.
Mono: successfully reloaded assembly
- Completed reload, in  0.863 seconds
Platform modules already initialized, skipping
Registering precompiled user dll's ...
Registered in 0.000905 seconds.
Begin MonoManager ReloadAssembly
Native extension for WindowsStandalone target not found
Refreshing native plugins compatible for Editor in 0.21 ms, found 0 plugins.
Preloading 0 native plugins for Editor in 0.00 ms.
Invoked RoslynAnalysisRunner static constructor.
RoslynAnalysisRunner will not be running.
RoslynAnalysisRunner has terminated.
Mono: successfully reloaded assembly
- Completed reload, in  0.674 seconds
Platform modules already initialized, skipping
========================================================================
Worker process is ready to serve import requests
Shader 'Custom/RainShader': fallback shader 'Particles/Alpha Blended' not found
Launched and connected shader compiler UnityShaderCompiler.exe after 0.03 seconds
Refreshing native plugins compatible for Editor in 0.19 ms, found 0 plugins.
Preloading 0 native plugins for Editor in 0.00 ms.
Unloading 1104 Unused Serialized files (Serialized files now loaded: 0)
System memory in use before: 58.6 MB.
System memory in use after: 58.7 MB.

Unloading 10 unused Assets to reduce memory usage. Loaded Objects now: 1554.
Total: 1.488900 ms (FindLiveObjects: 0.155200 ms CreateObjectMapping: 0.051300 ms MarkObjects: 1.228800 ms  DeleteObjects: 0.052000 ms)

========================================================================
Received Import Request.
  path: Assets/Scenes/Test2.unity
  artifactKey: Guid(df1d9c98c2f6e914d9a996f8f7d3ad5f) Importer(815301076,1909f56bfc062723c751e8b465ee728b)
Start importing Assets/Scenes/Test2.unity using Guid(df1d9c98c2f6e914d9a996f8f7d3ad5f) Importer(815301076,1909f56bfc062723c751e8b465ee728b)  -> (artifact id: '0070695e0089873fed541a3e65fdbb8d') in 0.015232 seconds
  Import took 0.017946 seconds .

========================================================================
Received Prepare
Registering precompiled user dll's ...
Registered in 0.000732 seconds.
Begin MonoManager ReloadAssembly
Native extension for WindowsStandalone target not found
Refreshing native plugins compatible for Editor in 0.18 ms, found 0 plugins.
Preloading 0 native plugins for Editor in 0.00 ms.
Invoked RoslynAnalysisRunner static constructor.
RoslynAnalysisRunner will not be running.
RoslynAnalysisRunner has terminated.
Mono: successfully reloaded assembly
- Completed reload, in  0.617 seconds
Platform modules already initialized, skipping
Shader 'Custom/RainShader': fallback shader 'Particles/Alpha Blended' not found
Refreshing native plugins compatible for Editor in 0.34 ms, found 0 plugins.
Preloading 0 native plugins for Editor in 0.00 ms.
Unloading 1098 Unused Serialized files (Serialized files now loaded: 0)
System memory in use before: 59.0 MB.
System memory in use after: 59.0 MB.

Unloading 5 unused Assets to reduce memory usage. Loaded Objects now: 1556.
Total: 1.283100 ms (FindLiveObjects: 0.129800 ms CreateObjectMapping: 0.038600 ms MarkObjects: 1.071200 ms  DeleteObjects: 0.042400 ms)

========================================================================
Received Import Request.
  Time since last request: 76.486976 seconds.
  path: Assets/Scenes/Test2.unity
  artifactKey: Guid(df1d9c98c2f6e914d9a996f8f7d3ad5f) Importer(815301076,1909f56bfc062723c751e8b465ee728b)
Start importing Assets/Scenes/Test2.unity using Guid(df1d9c98c2f6e914d9a996f8f7d3ad5f) Importer(815301076,1909f56bfc062723c751e8b465ee728b)  -> (artifact id: 'd7635d92f8617549f4e2d74e9544ef00') in 0.010083 seconds
  Import took 0.012414 seconds .

========================================================================
Received Import Request.
  Time since last request: 40.789118 seconds.
  path: Assets/Scenes/EducateLevel.unity
  artifactKey: Guid(9fc0d4010bbf28b4594072e72b8655ab) Importer(815301076,1909f56bfc062723c751e8b465ee728b)
Start importing Assets/Scenes/EducateLevel.unity using Guid(9fc0d4010bbf28b4594072e72b8655ab) Importer(815301076,1909f56bfc062723c751e8b465ee728b)  -> (artifact id: '40686393d18da03bcb73c60973980c2a') in 0.002797 seconds
  Import took 0.004726 seconds .

========================================================================
Received Import Request.
  Time since last request: 113.521532 seconds.
  path: Assets/Scripts/UI
  artifactKey: Guid(50821ef6731b31a41be28ae272e4ecf5) Importer(815301076,1909f56bfc062723c751e8b465ee728b)
Start importing Assets/Scripts/UI using Guid(50821ef6731b31a41be28ae272e4ecf5) Importer(815301076,1909f56bfc062723c751e8b465ee728b)  -> (artifact id: 'f84aa7d1e784a57788148c5723f6edc5') in 0.006410 seconds
  Import took 0.018165 seconds .

========================================================================
Received Import Request.
  Time since last request: 1.081298 seconds.
  path: Assets/Scripts/UI/CrashTrigger.cs
  artifactKey: Guid(d480f39f0c9578d41a1ccdeb10fff64b) Importer(815301076,1909f56bfc062723c751e8b465ee728b)
Start importing Assets/Scripts/UI/CrashTrigger.cs using Guid(d480f39f0c9578d41a1ccdeb10fff64b) Importer(815301076,1909f56bfc062723c751e8b465ee728b)  -> (artifact id: '00e83060cc5973ce19e189f3549ac183') in 0.019110 seconds
  Import took 0.020805 seconds .

========================================================================
Received Prepare
Registering precompiled user dll's ...
Registered in 0.001009 seconds.
Begin MonoManager ReloadAssembly
Native extension for WindowsStandalone target not found
Refreshing native plugins compatible for Editor in 0.19 ms, found 0 plugins.
Preloading 0 native plugins for Editor in 0.00 ms.
Invoked RoslynAnalysisRunner static constructor.
RoslynAnalysisRunner will not be running.
RoslynAnalysisRunner has terminated.
Mono: successfully reloaded assembly
- Completed reload, in  0.624 seconds
Platform modules already initialized, skipping
Shader 'Custom/RainShader': fallback shader 'Particles/Alpha Blended' not found
Refreshing native plugins compatible for Editor in 0.19 ms, found 0 plugins.
Preloading 0 native plugins for Editor in 0.00 ms.
Unloading 1098 Unused Serialized files (Serialized files now loaded: 0)
System memory in use before: 59.1 MB.
System memory in use after: 59.1 MB.

Unloading 5 unused Assets to reduce memory usage. Loaded Objects now: 1558.
Total: 1.410100 ms (FindLiveObjects: 0.121000 ms CreateObjectMapping: 0.031600 ms MarkObjects: 1.190100 ms  DeleteObjects: 0.066400 ms)

========================================================================
Received Import Request.
  Time since last request: 76.732603 seconds.
  path: Assets/Scenes/EducateLevel.unity
  artifactKey: Guid(9fc0d4010bbf28b4594072e72b8655ab) Importer(815301076,1909f56bfc062723c751e8b465ee728b)
Start importing Assets/Scenes/EducateLevel.unity using Guid(9fc0d4010bbf28b4594072e72b8655ab) Importer(815301076,1909f56bfc062723c751e8b465ee728b)  -> (artifact id: '9744799abbd106ae0baf20d76413b642') in 0.012025 seconds
  Import took 0.024346 seconds .

========================================================================
Received Import Request.
  Time since last request: 2.536861 seconds.
  path: Assets/Scenes/Menu.unity
  artifactKey: Guid(8d9ed15275604a647ae8b545d6f9cfb7) Importer(815301076,1909f56bfc062723c751e8b465ee728b)
Start importing Assets/Scenes/Menu.unity using Guid(8d9ed15275604a647ae8b545d6f9cfb7) Importer(815301076,1909f56bfc062723c751e8b465ee728b)  -> (artifact id: 'eb24df7a0757157c37107c3eb00c3f25') in 0.007720 seconds
  Import took 0.010341 seconds .

========================================================================
Received Import Request.
  Time since last request: 278.556279 seconds.
  path: Assets/Scripts/UI/MainMenu.cs
  artifactKey: Guid(fd5f510e5ee98aa49894388e717d42ba) Importer(815301076,1909f56bfc062723c751e8b465ee728b)
Start importing Assets/Scripts/UI/MainMenu.cs using Guid(fd5f510e5ee98aa49894388e717d42ba) Importer(815301076,1909f56bfc062723c751e8b465ee728b)  -> (artifact id: '8ebfefc2e1185d2322f41b6f7347d871') in 0.006625 seconds
  Import took 0.008690 seconds .

========================================================================
Received Prepare
Registering precompiled user dll's ...
Registered in 0.000944 seconds.
Begin MonoManager ReloadAssembly
Native extension for WindowsStandalone target not found
Refreshing native plugins compatible for Editor in 0.30 ms, found 0 plugins.
Preloading 0 native plugins for Editor in 0.00 ms.
Invoked RoslynAnalysisRunner static constructor.
RoslynAnalysisRunner will not be running.
RoslynAnalysisRunner has terminated.
Mono: successfully reloaded assembly
- Completed reload, in  0.779 seconds
Platform modules already initialized, skipping
Shader 'Custom/RainShader': fallback shader 'Particles/Alpha Blended' not found
Refreshing native plugins compatible for Editor in 0.21 ms, found 0 plugins.
Preloading 0 native plugins for Editor in 0.00 ms.
Unloading 1098 Unused Serialized files (Serialized files now loaded: 0)
System memory in use before: 60.0 MB.
System memory in use after: 60.0 MB.

Unloading 5 unused Assets to reduce memory usage. Loaded Objects now: 1560.
Total: 1.787200 ms (FindLiveObjects: 0.238600 ms CreateObjectMapping: 0.092800 ms MarkObjects: 1.395400 ms  DeleteObjects: 0.059200 ms)

========================================================================
Received Prepare
Registering precompiled user dll's ...
Registered in 0.000738 seconds.
Begin MonoManager ReloadAssembly
Native extension for WindowsStandalone target not found
Refreshing native plugins compatible for Editor in 0.20 ms, found 0 plugins.
Preloading 0 native plugins for Editor in 0.00 ms.
Invoked RoslynAnalysisRunner static constructor.
RoslynAnalysisRunner will not be running.
RoslynAnalysisRunner has terminated.
Mono: successfully reloaded assembly
- Completed reload, in  0.647 seconds
Platform modules already initialized, skipping
Shader 'Custom/RainShader': fallback shader 'Particles/Alpha Blended' not found
Refreshing native plugins compatible for Editor in 0.19 ms, found 0 plugins.
Preloading 0 native plugins for Editor in 0.00 ms.
Unloading 1098 Unused Serialized files (Serialized files now loaded: 0)
System memory in use before: 60.1 MB.
System memory in use after: 60.2 MB.

Unloading 5 unused Assets to reduce memory usage. Loaded Objects now: 1562.
Total: 1.553300 ms (FindLiveObjects: 0.261100 ms CreateObjectMapping: 0.077700 ms MarkObjects: 1.169500 ms  DeleteObjects: 0.044000 ms)

========================================================================
Received Import Request.
  Time since last request: 275.153341 seconds.
  path: Assets/Material/Materials
  artifactKey: Guid(45ad443c61436ba47b853a2bafa222a9) Importer(815301076,1909f56bfc062723c751e8b465ee728b)
Start importing Assets/Material/Materials using Guid(45ad443c61436ba47b853a2bafa222a9) Importer(815301076,1909f56bfc062723c751e8b465ee728b)  -> (artifact id: 'bfe17304a582f734d41a069eda85f26f') in 0.008481 seconds
  Import took 0.020388 seconds .

========================================================================
Received Import Request.
  Time since last request: 0.049628 seconds.
  path: Assets/Material/Materials/трава_1.mat
  artifactKey: Guid(589521063430dd040b43b0e1c9f810b4) Importer(815301076,1909f56bfc062723c751e8b465ee728b)
Start importing Assets/Material/Materials/трава_1.mat using Guid(589521063430dd040b43b0e1c9f810b4) Importer(815301076,1909f56bfc062723c751e8b465ee728b)  -> (artifact id: 'e64754f9c0a2348466ef89b985e7267e') in 0.083528 seconds
  Import took 0.085584 seconds .

========================================================================
Received Prepare
Registering precompiled user dll's ...
Registered in 0.000836 seconds.
Begin MonoManager ReloadAssembly
Native extension for WindowsStandalone target not found
Refreshing native plugins compatible for Editor in 0.27 ms, found 0 plugins.
Preloading 0 native plugins for Editor in 0.00 ms.
Invoked RoslynAnalysisRunner static constructor.
RoslynAnalysisRunner will not be running.
RoslynAnalysisRunner has terminated.
Mono: successfully reloaded assembly
- Completed reload, in  0.799 seconds
Platform modules already initialized, skipping
Shader 'Custom/RainShader': fallback shader 'Particles/Alpha Blended' not found
Refreshing native plugins compatible for Editor in 0.24 ms, found 0 plugins.
Preloading 0 native plugins for Editor in 0.00 ms.
Unloading 1098 Unused Serialized files (Serialized files now loaded: 0)
System memory in use before: 63.2 MB.
System memory in use after: 63.3 MB.

Unloading 5 unused Assets to reduce memory usage. Loaded Objects now: 1604.
Total: 2.055800 ms (FindLiveObjects: 0.147000 ms CreateObjectMapping: 0.042600 ms MarkObjects: 1.821500 ms  DeleteObjects: 0.043300 ms)

========================================================================
Received Import Request.
  Time since last request: 214.748471 seconds.
  path: Assets/Scenes/Test1.unity
  artifactKey: Guid(2ad0e024ad241ce40870179cf728342c) Importer(815301076,1909f56bfc062723c751e8b465ee728b)
Start importing Assets/Scenes/Test1.unity using Guid(2ad0e024ad241ce40870179cf728342c) Importer(815301076,1909f56bfc062723c751e8b465ee728b)  -> (artifact id: '6b7df7855eb758077b6da75f63093341') in 0.018060 seconds
  Import took 0.020244 seconds .

========================================================================
Received Prepare
Registering precompiled user dll's ...
Registered in 0.001158 seconds.
Begin MonoManager ReloadAssembly
Native extension for WindowsStandalone target not found
Refreshing native plugins compatible for Editor in 0.39 ms, found 0 plugins.
Preloading 0 native plugins for Editor in 0.00 ms.
Invoked RoslynAnalysisRunner static constructor.
RoslynAnalysisRunner will not be running.
RoslynAnalysisRunner has terminated.
Mono: successfully reloaded assembly
- Completed reload, in  1.089 seconds
Platform modules already initialized, skipping
Shader 'Custom/RainShader': fallback shader 'Particles/Alpha Blended' not found
Refreshing native plugins compatible for Editor in 0.47 ms, found 0 plugins.
Preloading 0 native plugins for Editor in 0.00 ms.
Unloading 1098 Unused Serialized files (Serialized files now loaded: 0)
System memory in use before: 63.4 MB.
System memory in use after: 63.5 MB.

Unloading 5 unused Assets to reduce memory usage. Loaded Objects now: 1606.
Total: 1.978700 ms (FindLiveObjects: 0.241300 ms CreateObjectMapping: 0.084600 ms MarkObjects: 1.605700 ms  DeleteObjects: 0.045800 ms)

AssetImportWorkerClient::OnTransportError - code=2 error=End of file
